-2 1 1.99 
  -1.7799560000000001       0.92590799999999995        2.0000000000000000     
  -1.7612000000000001       0.92382799999999998        2.0099999999999998     
  -1.7264800000000000       0.90634400000000004        2.0199999999999996     
  -1.7469680000000001       0.91635599999999995        2.0299999999999994     
  -1.7309280000000000       0.89788400000000002        2.0399999999999991     
  -1.7303599999999999       0.90269400000000000        2.0499999999999989     
  -1.7035600000000000       0.89579799999999998        2.0599999999999987     
  -1.7128600000000000       0.90385599999999999        2.0699999999999985     
  -1.7229080000000001       0.89495400000000003        2.0799999999999983     
  -1.6855320000000000       0.88325799999999999        2.0899999999999981     
  -1.6821360000000001       0.88692000000000004        2.0999999999999979     
  -1.6540600000000001       0.85672199999999998        2.1099999999999977     
  -1.6819040000000001       0.88700400000000001        2.1199999999999974     
  -1.6599680000000001       0.85986799999999997        2.1299999999999972     
  -1.6500120000000000       0.86455199999999999        2.1399999999999970     
  -1.6410199999999999       0.84515600000000002        2.1499999999999968     
  -1.6179760000000001       0.84215600000000002        2.1599999999999966     
  -1.6054520000000001       0.84892199999999995        2.1699999999999964     
  -1.5799920000000001       0.80193000000000003        2.1799999999999962     
  -1.6279040000000000       0.86061799999999999        2.1899999999999959     
  -1.5693200000000000       0.79294399999999998        2.1999999999999957     
  -1.5624760000000000       0.78190000000000004        2.2099999999999955     
  -1.5493319999999999       0.79569000000000001        2.2199999999999953     
  -1.5073080000000001       0.74114199999999997        2.2299999999999951     
  -1.4827760000000001       0.72935000000000005        2.2399999999999949     
  -1.4605480000000000       0.66487200000000002        2.2499999999999947     
  -1.4801880000000001       0.72085999999999995        2.2599999999999945     
  -1.4388000000000001       0.56846799999999997        2.2699999999999942     
  -1.3776880000000000       0.33945399999999998        2.2799999999999940     
  -1.3528240000000000       0.35748400000000002        2.2899999999999938     
  -1.3541399999999999        8.9431999999999998E-002   2.2999999999999936     
  -1.3750240000000000       0.54324200000000000        2.3099999999999934     
  -1.3102119999999999       0.25147000000000003        2.3199999999999932     
  -1.2636799999999999        1.2149999999999999E-002   2.3299999999999930     
  -1.3054920000000001        3.7350000000000001E-002   2.3399999999999928     
  -1.2499960000000001       0.25790200000000002        2.3499999999999925     
  -1.2560039999999999        4.0919999999999998E-002   2.3599999999999923     
  -1.2507560000000000       0.11270600000000000        2.3699999999999921     
  -1.2053039999999999        2.1960000000000000E-002   2.3799999999999919     
  -1.2257320000000000        2.9574000000000000E-002   2.3899999999999917     
  -1.2467159999999999       0.23547599999999999        2.3999999999999915     
  -1.2370040000000000       0.13575799999999999        2.4099999999999913     
  -1.1644280000000000        7.1692000000000006E-002   2.4199999999999910     
  -1.1904880000000000        5.8720000000000001E-002   2.4299999999999908     
  -1.1802640000000000       0.13693400000000000        2.4399999999999906     
  -1.1570160000000000        4.2467999999999999E-002   2.4499999999999904     
  -1.1521120000000000       0.11916599999999999        2.4599999999999902     
  -1.1169119999999999        2.5857999999999999E-002   2.4699999999999900     
  -1.1006640000000001        9.8820000000000002E-003   2.4799999999999898     
  -1.1160840000000001        4.3388000000000003E-002   2.4899999999999896     
  -1.1099040000000000       0.13478399999999999        2.4999999999999893     
  -1.0949279999999999       0.14309400000000000        2.5099999999999891     
  -1.1040520000000000        4.2877999999999999E-002   2.5199999999999889     
  -1.0680760000000000       0.14709000000000000        2.5299999999999887     
  -1.0628679999999999        7.7415999999999999E-002   2.5399999999999885     
  -1.0634079999999999        1.4578000000000001E-002   2.5499999999999883     
  -1.0758160000000001        4.2111999999999997E-002   2.5599999999999881     
  -1.0840760000000000        9.0277999999999997E-002   2.5699999999999878     
  -1.0673520000000001        2.3598000000000001E-002   2.5799999999999876     
  -1.0360480000000001        3.6340000000000001E-003   2.5899999999999874     
 -0.99968400000000002        2.2680000000000001E-003   2.5999999999999872     
  -1.0082160000000000       0.10827600000000000        2.6099999999999870     
  -1.0160160000000000        6.5399999999999996E-004   2.6199999999999868     
  -1.0533760000000001        5.3969999999999997E-002   2.6299999999999866     
 -0.99151999999999996        7.0912000000000003E-002   2.6399999999999864     
  -1.0400959999999999        3.2752000000000003E-002   2.6499999999999861     
  -1.0134040000000000        3.8126000000000000E-002   2.6599999999999859     
  -1.0064640000000000        9.0840000000000001E-003   2.6699999999999857     
  -1.0348880000000000        9.6617999999999996E-002   2.6799999999999855     
  -1.0012040000000000        8.9859999999999992E-003   2.6899999999999853     
 -0.99232399999999998        3.7420000000000002E-002   2.6999999999999851     
 -0.94264400000000004        4.8025999999999999E-002   2.7099999999999849     
 -0.97487599999999996        1.2019999999999999E-002   2.7199999999999847     
 -0.93947199999999997        5.1698000000000001E-002   2.7299999999999844     
 -0.92550399999999999        1.7857999999999999E-002   2.7399999999999842     
 -0.93724799999999997        7.9647999999999997E-002   2.7499999999999840     
 -0.95642000000000005        8.2309999999999994E-002   2.7599999999999838     
 -0.89846800000000004        1.1847999999999999E-002   2.7699999999999836     
 -0.91691199999999995        1.8692000000000000E-002   2.7799999999999834     
 -0.93643600000000005        2.4316000000000001E-002   2.7899999999999832     
 -0.89326000000000005        4.6876000000000001E-002   2.7999999999999829     
 -0.89887600000000001        2.2896000000000000E-002   2.8099999999999827     
 -0.91652000000000000        9.1041999999999998E-002   2.8199999999999825     
 -0.89794399999999996        1.3780000000000001E-002   2.8299999999999823     
 -0.87507999999999997        6.2200000000000005E-004   2.8399999999999821     
 -0.91241200000000000        1.9344000000000000E-002   2.8499999999999819     
 -0.91312000000000004        4.1135999999999999E-002   2.8599999999999817     
 -0.87688400000000000        2.7836000000000000E-002   2.8699999999999815     
 -0.86263199999999995        1.6500000000000001E-002   2.8799999999999812     
 -0.84742399999999996        3.8811999999999999E-002   2.8899999999999810     
 -0.85753199999999996       0.10459400000000001        2.8999999999999808     
 -0.83354799999999996        4.0436000000000000E-002   2.9099999999999806     
 -0.85895999999999995        6.3647999999999996E-002   2.9199999999999804     
 -0.87189200000000000        4.3546000000000001E-002   2.9299999999999802     
 -0.87421599999999999        7.7380000000000001E-003   2.9399999999999800     
 -0.84197200000000005        2.2990000000000000E-002   2.9499999999999797     
 -0.80978000000000006        3.5339999999999998E-003   2.9599999999999795     
 -0.80506000000000000        2.6343999999999999E-002   2.9699999999999793     
 -0.86046000000000000        1.8707999999999999E-002   2.9799999999999791     
 -0.83597600000000005        3.3714000000000001E-002   2.9899999999999789     
