   5.9403182686136632E-002
 -0.14376091013939218     
  -1.5517307527355586     
  0.53204627388571002     
  0.30679294198434276     
  0.37684987138815018     
  -9.4042638347455063E-002
 -0.14018124351100400     
  0.42117297698920420     
 -0.32521744641801981     
  -9.7602566172360003E-002
   1.0202660574235658     
  0.59450293193559645     
 -0.51072322767824918     
  0.79660852679341843     
  0.74425597690742928     
  -1.0445121518195533     
   1.0253794798891961E-002
  0.44080655571108512     
 -0.83878136857073360     
 -0.56151035618208478     
  0.63955220655323042     
  0.14549025645179903     
  0.92024198703241511     
   1.6507923733435712     
  -1.1299251944720461     
 -0.80923203998093429     
  0.15901884375142103     
 -0.20735319663957363     
 -0.24179574202009443     
  0.56075014473698437     
 -0.89521929692758551     
 -0.85292542034321239     
  0.51678597263805937     
   1.3725061806406067     
  0.84738746328605830     
  0.20522393904399905     
 -0.52327976438244295     
   2.1435665759369931     
  0.86630357752738629     
 -0.81163192594912603     
 -0.25601913546124921     
  -1.1240800361088186     
 -0.29952143720791280     
  -1.0658616185361602     
 -0.73162497620660460     
  0.60516073250793312     
 -0.26218701733126765     
  -1.7424579653948769E-002
  0.14556719462784012     
 -0.63637475603371951     
   1.3027164427611997     
 -0.48578080699686327     
  0.12685580043539230     
   1.4207780690487484     
  0.77615955293286187     
   2.3108244782087697     
 -0.41017919813958637     
  0.60728043567986922     
 -0.38125909480813563     
  0.21569124103779708     
  -1.2609983063833410     
  -1.7080075640597729     
 -0.84128235030647269     
   1.4444002201271404     
 -0.40700453440194806     
  -1.3198861839049159     
 -0.87781122318863403     
  0.24996788571612161     
 -0.29041377165726795     
 -0.86113072140591107     
  0.12992766873617639     
  0.23885588814262124     
  0.81468623972287391     
  -1.9494305150124709     
 -0.36215813330225444     
  -1.3816109665354182     
  0.29102965650783674     
   1.1410789595785256     
  -1.9115584001868886     
   1.3024588050986146     
 -0.21896136444985023     
 -0.32319257445545430     
   1.3019172939374344     
   1.9652107398918606     
 -0.25642892665579359     
  0.79706041992118126     
  -1.9830376167896964     
  0.62001158450362936     
  -1.1749893462725653     
  0.65425520866846409     
   1.5170628170694145     
 -0.16812994236904602     
 -0.64859349883597639     
  0.23721647945051139     
  0.47241422667536342     
   1.4983707790974827     
  -1.0720361674660173     
  -4.2642836217141156E-002
   1.0022313995338910     
  -1.0357857554827921     
  0.57029894733599373     
  0.74411653742860784     
  -1.4107072176854893     
  0.50019977049527864     
 -0.54388000336310094     
 -0.34324407735696794     
  0.41463298698629275     
  -4.5845357715261943E-002
  0.81398825023375776     
 -0.23435099401628542     
  0.51737227188361889     
  -1.3284828886902227     
   1.9115688024180499     
 -0.87179646212307171     
  -1.1771417303456497     
 -0.30048343909792263     
 -0.17331919438781990     
   5.0836809269468659E-002
  0.51905547667081886     
   1.2989254040507385     
  -7.9124009016081021E-002
   9.7945840169311196E-002
  0.33297658526143603     
  0.86059872650594049     
  -3.0606469280586670     
   5.2395846840921648E-002
 -0.17029067494709055     
  0.81667904524387402     
  0.60388586595814009     
   1.5405607092655156     
   1.9795915812815519     
 -0.31229505940234453     
  0.56140970945828850     
  -2.1942576032819243     
   9.6308146153615617E-002
  -1.1981258880716421     
 -0.66593673270775167     
  -1.0158216084762519     
  0.24664680729202437     
  0.12796677486827662     
 -0.20175491184898586     
 -0.34931433307432025     
   1.0858039345270956     
 -0.75049216861444601     
  -1.6105965694573721     
  -1.1692350749331255     
 -0.25552891724684385     
  0.30743998726845229     
 -0.35412274625664664     
 -0.46744001939249785     
 -0.78589520944070468     
 -0.15539444596812096     
  0.60081520358426832     
  0.22415561142161747     
 -0.94267352780309932     
   1.6575969838926301     
  -8.3669480082040865E-002
 -0.53268326143901423     
 -0.16256819253150875     
  0.42791373467836696     
  -1.0490928094377698     
 -0.14068751933524001     
   1.1627681024984404     
  0.12174512178203298     
  0.71204813096430497     
  0.89593614745600880     
  -1.1550502452429146     
  0.49715449693453284     
  -1.9010921489501609     
 -0.27572937351269655     
  0.84264039522477185     
   1.5173536747944367     
   6.6667433259881712E-002
  0.36684783368264690     
   1.3148285847374734     
  0.55776870719804761     
  -1.1935681714557504     
   4.0702401412266243     
  -1.9039068769446499E-002
  0.39391351518686857     
  0.11746384731977473     
   1.5488684045190559     
  -1.0748971028339762     
  -8.8921271690035018E-003
 -0.85961320061316504     
  0.61857115234531057     
 -0.53060981705131738     
 -0.82623400577941408     
  -1.1607243623387062     
  0.46896711781288775     
  -1.4108560761207978E-002
 -0.49623031014527336     
  -1.3479247122005815     
  -8.0851379184507202E-002
  0.27319103290635771     
  0.45449541446832153     
   6.9515366741841333E-002
   1.7233138080751127     
   1.7948918522464417     
 -0.47793963401475692     
  0.85138729444481509     
  0.88570578520324761     
  0.67383953034051147     
   1.1132657515423376     
  -1.1965189115856862     
 -0.33653057684349796     
   1.7733807281286291     
 -0.28138623614756991     
  0.53990848164536187     
  0.48565676580971590     
   2.1538267451537667     
  0.94299924305779548     
  0.38721166420592318     
  0.31695268764067991     
  -2.5437994217628224     
  0.73417563744839331     
 -0.59225416549197873     
 -0.32780913300160580     
  0.38256468536316679     
  0.50390500250390480     
  0.34779904644479293     
   2.5627919253316289     
 -0.83075667545940524     
  0.66312850017791425     
 -0.66641404981951358     
  0.30891396717296404     
  -1.4136289630820513     
   1.0756118569309976     
  0.20504202868116334     
  0.59354178661871804     
  -1.4317100961767100     
  0.22608609834726820     
   1.3674166713476146     
  0.74789529050692738     
   1.4465438980887009     
  -9.9246875854655442E-002
  0.96518478223971915     
  -1.2370819444014716     
   1.7350399190934829     
  -1.3209459677150805     
 -0.58607925554988871     
  0.26464492835956438     
 -0.68836243480457993     
  -2.0424431778367556     
  0.35668037159409505     
  0.18670142483791605     
 -0.28541596064463087     
   8.2916910028155114E-002
  0.63742757453907539     
  -1.3239520768753990     
   1.1229253269377950     
  0.36056286267259990     
  0.10470190752360835     
  0.47004960032557108     
  -4.4577882215613825E-002
  -2.2201850752693071     
   6.4349078317323130E-002
   3.4280077240850110E-002
   1.0328110459248756     
  -4.0903152506266131E-002
 -0.63548055124034530     
   2.1412258085629117     
  0.47355776811662931     
   1.2179648055206505     
  0.73757800572257537     
   1.0496661279730637     
  0.65640580119602532     
  -2.0252719784595978     
 -0.34876498490419672     
 -0.37668836326107930     
   5.1058493021953748E-002
  0.40843046734155819     
  0.48749213753995235     
   8.8622025373817498E-002
  0.42030589145538716     
  -1.7707784884111809E-002
 -0.83055309242719044     
  -1.3341822417682285     
   1.7983900651661009     
 -0.86920974583390764     
  -1.1989549597473731E-002
 -0.59919727206349249     
  0.39302345296160612     
   1.0291530883320110     
  -1.3214882172029021     
  0.29989388625560820     
   5.4856632271344810E-002
 -0.53922792035905931     
 -0.70218324584738800     
 -0.26988315271334978     
   7.6729710292648468E-002
 -0.26493066718812741     
   2.1249908297229516     
 -0.66086762911054286     
  0.76392643239751579     
   1.3604570136213245     
  0.29312993077363575     
  0.14339067735415867     
   1.7153059787076477     
  -1.2318912658766672     
 -0.42672404676266845     
 -0.59894126573786666     
  -2.4302215984867699     
  0.60463876803778283     
  0.95950945065126081     
 -0.29959493863200481     
   1.4900826273962009     
   1.2505646864138849     
  0.46352578627788349     
   1.1043632468578544     
  -1.9109368057485154     
  -1.8957482880647254     
 -0.27697714866915479     
 -0.46283646955536484     
 -0.74020322386039783     
  0.58811584788057458     
 -0.28252301741843672     
 -0.12057318805572234     
 -0.41350472426105617     
 -0.85699302709021341     
 -0.71856786956858965     
 -0.31572090064401126     
 -0.27730655230072088     
  0.55261817222422605     
 -0.57463929986613616     
  0.93275320228168890     
 -0.98571245349322467     
 -0.89858567132609912     
  0.82695255924694444     
 -0.20497812109549077     
 -0.28029390650073888     
   1.9927382571087680     
   2.1088672736945413     
  0.78900105313494406     
 -0.73440174159667559     
  0.29342028730851377     
  0.77041179701238893     
  0.38544829085141602     
  0.67683955666534823     
 -0.35950369552021644     
 -0.28764099701645207     
  0.56979279813125339     
  0.14637988925522458     
  0.90973736045775966     
   1.7104145817191463     
   3.4193661566678454E-002
  0.14195378222780289     
  -1.5475986119149656     
 -0.70159372919374607     
  0.35917875874840105     
  -1.1819485696709324     
  0.52900813183838447     
 -0.39991255722063096     
   1.9568263175450594E-002
  -1.9685142128810589     
 -0.51269907339226006     
  0.71279331822727998     
  -1.9774270373197642     
  0.42288189417293925     
  -5.5246663788227200E-002
  0.40495908632267841     
  -7.3386355653906124E-002
  0.35443878441613380     
  -8.9462098346435343E-002
 -0.77873555096803693     
  0.42703313561957573     
 -0.28095838212028018     
  -2.2040114637573771E-002
   1.0139914642779049     
  0.69669973531021889     
 -0.19042825505651345     
  -1.2008164751409993     
 -0.61266727476370708     
 -0.34249310684230611     
 -0.69496903779569019     
 -0.81520973070836833     
  0.58561346618043597     
   1.5797020514079563     
  -1.3164534138096102     
 -0.70649120408595389     
  0.89187078541553344     
  0.39815598776717148     
  0.79759451345344556     
  0.92826646595560580     
   2.5173164837526980     
 -0.90158712366018057     
  0.58851956018911833     
   1.3786120500725025     
  -2.1699347371101456E-002
 -0.56187140869673569     
   1.2767712190452025     
  0.28341476667006682     
   1.1854181926378640     
 -0.92197130178482600     
 -0.72009810444748956     
   5.8888973188300921E-002
  -1.3464041520266627     
  0.97678252392372633     
  -1.3465465124687255     
  -7.3177176935271288E-002
  -1.6782238839640802     
  0.33894507902700166     
 -0.34958954035589684     
  0.70892983328377879     
  0.98838693691979329     
 -0.31189769304307041     
  0.19078493312225439     
  0.84737942568824931     
  -1.0664320637132843     
 -0.89344513060269870     
 -0.81660950250482012     
  0.13652068061789324     
   2.3130464647255666E-002
  -1.0374666894134779     
 -0.65625813804117150     
  -1.6077072953370466     
  0.23940059099238417     
  -2.5555363119988139     
  0.10834619356946150     
  -1.5358054376245940     
  0.98494681886191371     
 -0.37120534465052790     
  0.84000367950895516     
  0.28836789183674222     
   1.6941146271920222     
   8.4628603686405582E-003
  0.80008924963524242     
 -0.10484694583498072     
   5.0474466163290890E-002
  -1.7340512084163271     
   1.0481291083544337     
  -1.0648732769858171     
   9.5728145204393419E-002
  0.97823527953838008     
   1.5277409959757484     
   1.0065208848795206     
 -0.19953939894565570     
   2.2690562647820078     
  0.48683981179169217     
   1.7047455043489277     
  -5.5602142345477494E-002
 -0.77009582229311069     
  0.19745870162741561     
 -0.41204294063854702     
  -1.3347457653113375     
 -0.88585105153364097     
  -3.0405876861777110E-002
 -0.52467329473687618     
 -0.66526476651018229     
   1.3614582199686867     
 -0.52623981097464778     
 -0.14683390869430774     
  0.91127016728390076     
   1.3179337728721667     
 -0.92453534895289713     
 -0.49468426731319975     
  -1.1439920168565771     
  -1.1682796524057377     
 -0.13843249814810080     
 -0.39936463062278821     
 -0.30873835685446666     
   2.7990855678031865     
  -1.5266548899441683     
 -0.16056552088334264     
  -1.5806890431969667     
 -0.42785310937465204     
   1.7431163540731149E-003
 -0.15761802285103532     
 -0.12780351574451518     
  -1.6444599766326218     
  0.84849990468209657     
  -1.0624479465252346     
 -0.27445055168659332     
 -0.49273086446072734     
  -1.0964114091118871     
   1.3801663526215622     
   1.5248256677634058     
 -0.35981628834081808     
  0.35277033129391988     
   1.5554990552266916     
   1.4637154498073350     
  -1.0871329792749678     
 -0.92016062455417980     
  -1.0948423654465338     
   1.0453346235447689     
  0.24625653260830041     
   1.0472304270969128     
   1.0437398676575309     
  0.17465592382173600     
  0.29472503494823576     
 -0.11290479551009468     
  0.17867679440377984     
  -1.6759419734881040     
   1.5065396205206449     
 -0.55075151011200929     
 -0.14705373303628316     
  -1.3020781285458098     
 -0.81554164383146377     
 -0.39965484648673044     
   1.1542177037255732     
 -0.25602953100475284     
   1.3188367824942255     
 -0.93828287231867591     
  0.19517297163756547     
  -1.7347753171597513     
  0.33933811546903714     
  -1.2384195913923719     
   1.9394008988122167     
 -0.14318380927332405     
  -1.2381382412806434     
   1.2707221494321805     
  0.28007364229904519     
 -0.19160236081037402     
 -0.48987742597469719     
   1.4497876328418204     
 -0.20567366214953448     
 -0.66650592162550670     
 -0.13753844976799492     
  0.51717217534200144     
  0.50809723758033687     
  -1.0138042386366828     
  0.54670544494382123     
 -0.37159004084173025     
   1.7842444404022981E-002
  -1.3284431996430572     
 -0.67493214045989580     
 -0.55369300415227718     
  0.22322725796434370     
  0.58673826646786909     
 -0.20935441393967918     
  -2.5589961841543684E-003
  0.35955233041611184     
 -0.93794840120709266     
  -1.4217729276106366     
  0.66681030216624171     
 -0.57174281860279497     
   1.1004966236409683     
  0.42907377771269406     
 -0.91587793473430379     
  -1.1529289961810114     
  0.42111271237439346     
  0.44624117089734622     
  0.43638512895605003     
   3.0526386975363397E-002
  -1.4408150959125066     
  -1.0400291427501467     
  0.45937115196725314     
 -0.85026316760889475     
  0.14577402392078856     
   1.8808884791876381     
  0.69916778013639524     
   1.6783204472487836     
  0.20996528913467122     
  0.69990688520756672     
  -1.6015996890584367     
  0.22076298449860451     
  -1.1837336182986877     
   1.2573401340030059     
  -1.6997086888908781     
  -1.0575925590822848     
  0.46764872681044373     
 -0.44990135848480639     
   1.3897736503867959     
  -1.8642851949015611     
 -0.10430945660218081     
  -1.0045173141717856     
   1.5813501852891312     
  0.30979788373327477     
  0.87741820334557130     
   7.5813413961850623E-002
 -0.53986135782508182     
 -0.84786932242446578     
 -0.24105675755307857     
  0.13230348651169252     
 -0.41259499392844784     
  0.23527205044401164     
 -0.61264801142770864     
   2.3440335127560510     
 -0.65605238396863164     
 -0.94739421359436449     
  -1.1840161930704172     
  0.90958618716035111     
  0.11976960971576027     
 -0.46481870910567580     
  0.25956460376310969     
  0.54952719512064852     
  -1.4593578028028964     
  0.57280155761413865     
   8.3544588297166808E-002
  0.33454682557511323     
  -1.0134519189968545     
   1.5181842017503535     
  0.62433110097864197     
  0.85814897675754931     
 -0.56160889890622701     
   8.8552646498523430E-002
   1.2962341906150281     
 -0.41650052702166940     
  0.75585316749616482     
   1.1716372243336908     
  -1.4127648993393480     
  0.65906926332135207     
  0.94340554876368465     
   1.3692950201227174     
   9.4671479550148804E-002
  -1.5597332653797591E-002
 -0.67410631172829383     
 -0.49229778755293707     
  -8.4695699023854140E-002
   1.5763293134049654     
  0.50485354954924178     
  -1.4844440137311501     
 -0.28016043099737514     
  0.25771351427232242     
  -1.4089550243609628     
   1.0103715813757059     
  0.21884554791672975     
 -0.50493125817057072     
  -1.1796083422449071     
 -0.76188528487226714     
  0.70393965733460662     
  -1.5412526237993431     
  0.15900231433003056     
  0.69258946960637890     
  0.34612627369531651     
 -0.69995382975815579     
   1.4601348384830912     
 -0.74369432142167635     
  0.81193439746941554     
 -0.39199863206020447     
  -1.9287186395516258     
  -1.0183408526726052     
   1.2887871945869689     
   3.0933214850131372     
 -0.10897247729644075     
 -0.64473339937082685     
  -1.3377944160041910     
   1.0177100075751635     
 -0.53027405340182787     
   1.0457569573558048     
   2.0358969277829724     
 -0.19123075646923501     
  -1.1971645972135159     
  0.41186568752405917     
   1.1399294880353747     
  0.35936738517834249     
  -1.1805785440206986     
 -0.81632197770893755     
  -1.2588483878699082     
   4.0932337141342826E-002
 -0.74555677928672814     
  -2.1160141863141835     
   3.1466169512813696E-002
   1.8525823789422469     
  -1.4575301442142021     
   2.0017472099247891     
  0.18394100884051176     
  0.22324715093881956     
   1.8606103226429325     
  -1.9723357497289240     
  0.56624317989676798     
 -0.20863751637824310     
  0.13891249332124481     
  -1.2830051388300141     
   1.2368203607401218     
   2.4949962244868229     
   2.4076840773871959     
 -0.74449271331765388     
  0.18242478053740685     
   1.7074990496078515     
 -0.57898749708715269     
   3.2569044309260421E-002
  -1.5927981638191015E-002
   1.1217120561775455     
 -0.31907081960231493     
  0.45137116123983317     
  -2.0153676714511484     
   2.2841387885601896     
  0.88949329477502392     
 -0.59607987195010514     
 -0.16489818340612564     
  -1.6032700513737461     
  0.39676561455556852     
  -2.2043389750961619     
  -2.3516132342482772     
  0.99853974982276139     
   4.7721737270406857E-002
 -0.80106428158154053     
  0.76238015422114602     
  0.57037117200951670     
   1.6630211770807870     
  0.54742172660167032     
  -1.9223283161661215     
   1.0166281587901356     
  -2.4743203199173052     
 -0.32776574847008544     
   1.9261579924571653E-002
 -0.76116439090883870     
   1.5728330011567784     
  0.62583760422394696     
 -0.41977601555743460     
 -0.68280208212922022     
  -1.4772205330453856     
  0.43344050268804341     
 -0.11008709690889140     
  0.35206157380858000     
  -1.7856797892027210     
   2.0515467441188542     
  -1.8607722356606708     
  -1.2893973267261507     
 -0.46159415457327369     
  -1.4414383992357851     
   1.5170949964392932     
  -1.0535543968391994     
   1.2645628365277923     
 -0.86578207102646831     
  -1.0109736747867548     
  0.24007196594529803     
  -1.4314588798936729     
 -0.71154869128379261     
  0.64492949592896287     
 -0.73453682377775442     
  -1.0996400881191168     
 -0.37568804680935886     
   1.5228687099554441     
  0.68196036041508068     
  0.43266278083535198     
 -0.77446374984409183     
   1.9224608706097450     
  -1.9126087628663710     
 -0.14642243438855851     
   1.0274012007027631     
   1.1855090976637549E-002
  0.20983018450530055     
 -0.21868593287060759     
  0.28197314732973860     
   1.6132051788524855     
   1.9875890180057998     
  0.60487785110715242     
  0.41755065357159321     
  -6.2734581347491422E-002
  -1.3238089114615885     
  0.51403763591684504     
  0.60156821630231416     
  0.50764170636878736     
   1.4870722683810809     
 -0.75867329504883751     
  0.15961676942212022     
   1.2602782467819966     
 -0.62579255978105319     
  0.30551848716527319     
 -0.63561749530580791     
  -1.5312105573363426     
 -0.27476624210438400     
  0.22846178154640948     
  -2.3351072696196318     
   1.7912657302622472     
  0.99545348978022241     
 -0.68383580693300006     
 -0.28163292005765650     
  0.24069110491881440     
  -1.2203986397430870     
  -7.6114260509714008E-003
 -0.37831010449396346     
 -0.56735921267564204     
  -1.6533124437156688     
  0.16197327819228233     
  0.62990436201598143     
   1.7552073261937866E-004
  0.93019482512496710     
  -2.3248778835660608E-002
  0.10729336128469091     
 -0.48789452363789682     
  0.77684582990165596     
   1.0790888873238955     
  0.25469627999330369     
 -0.38952043080369037     
  0.29707666199364785     
  -1.0493905260384051     
  -1.5154568778340416     
   1.0847259854018225     
  0.37274775702358831     
  0.16679381747929031     
   2.5482123604094977     
  0.25966119001356375     
   1.4878913516470520     
  -1.1328681820038962     
 -0.92126648708787651     
  0.97877932870939832     
   2.3278762782192688     
  -8.2129056030299158E-002
  0.57006886432554660     
  -1.1839260266724381     
  0.18441849070607386     
 -0.10146213773371203     
 -0.80808990391424085     
 -0.62592431319403086     
 -0.75275066880523633     
  0.47282011800320561     
 -0.84457691341348440     
  -1.1932440020440538     
   1.5417794723584335     
   1.7779440371120572E-002
  0.55053719936151679     
  -1.2982601037313204     
  0.77854236426942536     
   1.2076293995225003     
  0.69560538866123967     
  0.81383298321711151     
 -0.73185647099006534     
 -0.69530258744344109     
  0.55197397314729268     
   1.9576778382877711     
  0.49832978963592600     
  -1.5138518798001546     
 -0.96664021821923551     
  0.88851538330596413     
  -1.4347061466541358     
  0.11398910973618460     
 -0.58942263456493715     
  0.85032314843153045     
  0.24314948988057253     
 -0.61455767574300846     
  0.41930178962150277     
 -0.50788515217769181     
 -0.32146098161532366     
 -0.66554905862934544     
  -1.1857880841440249     
   1.8139722243947589E-003
  0.69520379696670820     
 -0.92469318807508127     
  0.30440894271360802     
  0.15280874242036677     
  0.55006153161158611     
  0.56455819280144759     
 -0.81562891587339037     
  0.99265020416605942     
  0.91312612623236045     
 -0.51429132818014822     
 -0.33160750681111328     
  0.65268820529887861     
  0.53944219318545450     
   3.0601602519282047     
  0.72747803442958492     
  -1.5893631318705708     
   1.5740445215013150     
   1.2782326893567342     
  0.83024488135190522     
 -0.21570093621463696     
  0.38166348412989071     
  0.33149647587336017     
  0.36172235926056834     
  0.96668699111802359     
 -0.33672012156599790     
 -0.58470915231573772     
   7.8206388449116676E-002
  0.73304077295257131     
   1.1417452514922757     
 -0.46171559055821038     
  0.82533862552460746     
   9.5435612683265100E-002
 -0.63294613391186172     
   6.7103248122072370E-002
  0.73458719550473528     
   2.1847205950002380     
  0.77439351330044770     
  -1.9603747368476991     
  0.82208372973410615     
 -0.97538342169611725     
   1.8373525805837387     
  -1.2998057071662976     
 -0.93223262996340239     
  0.34177684068725461     
 -0.51607660178017067     
  0.96784453781698121     
  -1.5374750041118521     
   1.6060110309953903     
   1.6331877798968244     
   1.8107609632115802     
  -2.2103897309409186     
 -0.99402164676671112     
  -1.0385954743157548     
  0.84630505082216723     
   1.0353280301505285     
   1.6597382636692395     
  0.42607178645001337     
 -0.39857037547619495     
  0.80210682560945157     
  0.66516560290842563     
  0.15820184160951123     
  0.93980160097329868     
 -0.64902517933446979     
 -0.40443503606431486     
   1.9098979254868385     
  0.20781223353281592     
 -0.26446650109009662     
 -0.73874436771494922     
 -0.58465624921171666     
 -0.89517833355165766     
  -2.1964281324760377     
 -0.40376206067103360     
  -5.0053106370512065E-002
   1.2468750912352908     
  0.29162603719988955     
   2.4854237556140348     
 -0.19530398304051569     
 -0.89181272849488391     
  0.13489929774467607     
 -0.40285228031438669     
  0.85160745794290493     
  0.53786062359696496     
 -0.46316100756647871     
  0.59846272468001471     
  -1.4549888518845968     
   1.4499907801495919E-002
  0.71946488214783422     
  -1.1052058199481214     
 -0.47970069500670748     
 -0.26319979857080239     
  -4.5192873041794535E-002
  0.10919361530933276     
 -0.56446649424530593     
 -0.24766530640792578     
  0.74000723819495084     
   1.5817515100190207     
  0.16263611061540209     
   1.6208699290867049E-002
  0.99194255953075128     
 -0.22036624097876290     
  -1.3442785415460605     
  0.73669330964322643     
   1.3266961012193885     
 -0.30151393032327745     
 -0.96331326134399220     
   1.1318699935445979     
   1.2455017200741931     
  0.52963118477444859     
  0.55918715857191825     
   1.7038434473139581     
  0.89558089159751730     
   1.4918523155565859     
  0.25055829863618440     
  -1.9814417215614639     
 -0.47562516408123107     
 -0.45840693768379204     
  0.20301876836954005     
   2.0883237512714552     
  -1.1859997113762546     
   1.1591228752348406     
 -0.76887313575639382     
   1.0859640728978850     
 -0.29865506617132248     
 -0.80191183229800422     
  0.80003054907977800     
  0.59631911806695981     
  0.48273062676681039     
  0.60827917840060453     
 -0.60664353541280258     
   1.9060630574316009     
  -1.0593559080886861     
  0.27983456392612455     
  0.35755402672917413     
 -0.31871491806334218     
   1.6351640148313045     
  -2.1552953422109331     
  -1.4470626550192156     
  -2.5183247742395412     
   1.0522507104819998     
  0.12946462348736806     
 -0.43438571649014029     
 -0.74041473860346374     
 -0.24796199111770728     
   2.0740279578866261     
 -0.22105087029871298     
  0.44401112820230842     
 -0.27183651691534028     
  0.88347317673563852     
   1.3633778110460417     
 -0.35532715997602315     
  0.69573489806768185     
 -0.21753766344089978     
 -0.75052474711570261     
  -1.0832733916021582     
  -1.3952879378043173     
 -0.39946931316244516     
 -0.20097071063613334     
  0.91460750398014390     
 -0.25522293358299492     
 -0.29333285806498605     
 -0.16109279185425146     
   1.0915294379998160E-002
 -0.45804229308718691     
  0.35206147959865008     
   1.0389767408574380     
   1.1041236129641250     
 -0.70352863138438382     
   1.0370846418051149     
  0.40732137528827556     
  -1.0742106069935993     
