   1.4493393988990968     
  0.95039057735788590     
   1.0500534176793763     
  0.78130427261067026     
  0.71330742493518462     
  0.98480230829746040     
   1.4515216016502650     
   1.2234333790208982     
  0.28537627844579672     
  0.20081164856645731     
   1.6595057314300385     
   3.7200789528316540     
  0.16552933403047196     
  0.77610247779705388     
  0.80254644863669200     
  0.21902270962428258     
  0.30642436678160268     
  0.71448290512558887     
   2.7102350806416720     
  0.41010731830059616     
   1.0820484174346592     
  0.54727821007995625     
  0.29704783834610532     
  0.32530831571361674     
  0.52948357924888645     
  0.16266408763684528     
  0.28939570622478600     
  0.44875650498256392     
  0.69228191725930821     
   1.0198436060410503     
   2.9041740303171100     
  0.28419072614275109     
   1.0242132045640349     
   3.6538026303520770     
   1.0358158006552971     
  0.59509168178834793     
   4.0240719343548141     
   2.0557126956400045     
   2.1432572076681069     
  0.60764257445465175     
  0.15134283266167761     
   1.0620258952852168     
  0.17039067095942245     
   1.5158295388398281E-002
  0.10488905188047935     
  0.25512108174715359     
  0.10906635728272457     
   2.0759147213387519     
   1.4110028850147847     
  0.62386783100016718     
   1.2717862666770852     
  0.84681278705169072     
  0.48340987544977410     
   1.0030089549539505     
  0.42980017526203795     
  0.42005756712163755     
  0.63811204961255552     
   4.5059485709670541     
  0.13434869946999173     
   3.2905798989028687     
   3.4547211486069971     
  0.69803024481928899     
   5.0489770178464059E-002
  0.72237850007859317     
   2.0612229688147385     
  0.10037950556745821     
  0.41210483979516999     
   1.2802759468438336     
  0.33753132584523027     
   1.1469175645794394     
   1.4240893669529509     
   2.2313135356524421     
  0.41054130051882387     
  0.22266847413385063     
   6.5634045063382426E-002
   2.2528650087102542     
   7.4393027875615178E-002
   5.6086608231726247     
   1.5880870469770789     
  0.23706641616947313     
  0.28717270553669544     
  0.92235145507162752     
  0.59739127556214899     
  0.21532768800834381     
  0.21502169011841424     
   3.9926895059391308E-002
  0.30067981290436108     
  0.36051120903277567     
   8.2033332473529785E-002
   1.3011011348165713     
   1.0894287563447149     
   2.0342535024163029     
   2.9586993287257020     
  0.16286471460917704     
  0.70620166101519710     
   1.2063543193658537     
  0.33850832070735154     
  0.79265512373086844     
  0.69864288464784219     
  0.81228590865909445     
  0.73525882163760603     
   1.5428493646882309     
  0.35162997431246462     
   1.1956634273638180     
   1.7182548457097595     
  0.55442497614857200     
  0.19204198547224352     
  0.42693978949873140     
  0.25419720866320888     
   4.2358722795272756     
  0.54180542817828703     
   1.4669126313467387     
  0.48730588468071767     
  0.81202292117174035     
  0.68049980006833988     
  0.66611203888166559     
   3.1400031139792048     
   3.5039303938068748E-002
  0.23779647316679001     
  0.35282097329653583     
   5.5353688402023482E-002
  0.82142181879273779     
  0.50417077274018396     
   1.5047682732574483     
   1.0108952439835943     
  0.79405809782635295     
  0.34463132259828344     
   1.2160698595029540     
  0.22827158529111477     
  0.20653301861317733     
  0.33127205430516032     
   1.1046689443873223     
  0.30170946307356838     
   2.6015195922300061     
   4.1704249836914924     
   3.0648210430411900     
  0.45798465812327344     
   2.0067174678292221     
   2.9345473665533088     
   1.3287312144767107     
  0.99461530749130700     
   1.1912028808113773     
  0.73116668743152680     
   3.1678302448370270     
  0.74958169152627918     
  0.89445827424277280     
  0.12419353961142059     
   8.6505722571452254E-002
   1.5099972210067436     
  0.12352505964341329     
  0.16411683645884101     
  0.91749468023530900     
  0.75273077663183319     
   2.1622249240099078     
   1.6497016829658546     
  0.18606469727789884     
  0.94650070134690856     
  0.63474166448155889     
   1.8321360713785186     
   1.7075763936992419     
  0.10448550785761339     
  0.12546152101416572     
  0.60534794432493022     
  0.21533162112654944     
  0.59156067718027305     
   2.2779853046264602     
  0.89478587583083247     
  0.66610689295585246     
   7.3134741549289159E-002
   1.5114117452478466     
  0.38972946061724528     
   1.2774244506896673     
  0.24047840639757795     
   1.4015368716251682     
  0.55464317270340668     
   7.9863034770685140E-002
  0.65681430330050639     
  0.74753560369771066     
   2.1237589228448832     
  0.23242965313769703     
   1.4493752847101367     
   2.6499439305251533     
  0.33707313708486847     
  0.26552104826480444     
  0.10854091989627378     
  0.26924306892894045     
   6.9111341705828588E-003
  0.11641237339163252     
   2.7730926500466622E-002
  0.23757032869313188     
   6.3342377499436525E-002
   1.1296738167679647     
   7.2936950219411031E-002
   9.7586446837912094E-002
  0.82571499469372100     
  0.58673608641850605     
  0.50566246861205566     
   1.0328861996350953     
  0.72276074531580514     
  0.30331015540758766     
   1.2472717296060272     
  0.46167270059501569     
  0.28930816878045684     
  0.99151866294910340     
   5.4343288775915224E-002
   1.4228596663482802     
  0.43874717170377509     
  0.41950256963260407     
   1.3407267591742371     
  0.76791357784311731     
   1.2920070194032645     
   1.3357361268570440     
  0.25290804322384403     
  0.24281344516963096     
   3.4083704294075944E-002
  0.39158571557618610     
  0.71806603519062084     
   1.2260096798255420     
  0.81054454050236691     
   5.4450656368145896E-002
  0.94799361561366813     
  0.63153203197825925     
   1.0174302226094729     
  0.68712560735527028     
   1.0440751733847471     
  0.27872918333318758     
  0.40660464625579845     
   1.1859733205315683     
   1.6924673485569004     
  0.65574413665030229     
   2.0245441446138264     
  0.98605012653561075     
  0.28467779598520299     
   1.4022462252122662E-002
   4.0981079069348016     
   1.0826655297316889     
  0.61660506389544578     
  0.24680599003156325     
   1.0013860618876600     
   3.6187922187769064     
  0.19480519777616187     
  0.65938853679879672     
  0.42916198764499769     
  0.80811026385264939     
   2.8047114763541114     
   8.9638309857112033E-002
   1.8580189307531640     
  0.32044059906082911     
  0.15982619904089332     
  0.17570218026432269     
   2.8842395708812602E-002
   2.2673184505009392     
  0.90620034369863633     
  0.28301391315682217     
  0.48199482188202075     
  0.20446956912563935     
  0.59502208763296782     
   2.0323916330100529     
   2.6835368469070513     
  0.86070158592299983     
   6.1547879989918716E-002
   2.0248060083290862     
  0.99878158174230058     
  0.13575774490682943     
  0.10982660233114654     
  0.88363813906276500     
   3.3388916051213928     
   5.2803537014989148     
  0.61637759331344522     
  0.72193704206618980     
  0.20085224808342958     
  0.26210352898424277     
  0.99420567181148822     
  0.25962002709806742     
  0.66291733180867862     
  0.29587450717390917     
   2.9806746884275550     
  0.49363297296939967     
   1.7043019083790913     
  0.48057469861979668     
  0.86447247979796871     
   1.2391544263742413     
  0.83214131654553736     
   9.6287527421217114E-002
  0.20874098422430074     
  0.65259448986369728     
   3.4839966948974643     
  0.11281175347259348     
   7.9216324368548405E-002
  0.63540142089300999     
  0.35156792845270485     
  0.14955970510284339     
  0.24228446042230509     
  0.75664104211627192     
   1.4043673694066083     
  0.56453665589818436     
  0.40558562665726172     
  0.27979497058928848     
   1.2358371244603024     
   1.7889978884702524     
   3.7864773703449548     
   5.2402753110149490E-002
   5.5453933565874067E-002
   1.1642672593175942     
   1.5385058706108266     
  0.49957249783714353     
  0.69136807261166733     
   1.1685225999788442     
   1.7705998777526331     
  0.39446549396334690     
  0.37257917404197438     
   5.5727189802346803E-002
   1.6901859597686046     
   1.3804971412534890     
   3.5468945544849078     
   1.5292837712363621     
  0.77504369566142606     
  0.71655372114675087     
  0.19045921600388949     
  0.30569828172301416     
  0.97414724754939053     
   8.7380488293500466E-002
   1.7734188930748256     
   1.1918013751033696     
   1.8263077087138713     
  0.39319378821711937     
  0.11875090710323294     
  0.12204987180298807     
  0.85923689889535260     
   1.1399379986243858     
  0.40536794940754761     
   1.4818918299820691     
  0.20948190261316019     
  0.35338715585811664     
   1.4291539636396746     
   1.1792780097730049     
   1.9301410677416300     
  0.55395678006590143     
  0.96070923850143930     
  0.50441347819939431     
   1.8177237264096684     
   2.0296749704318446     
   3.4626276655077701     
  0.87063246161515651     
  0.57827555808596298     
   1.1496539956269283     
  0.33458018296131475     
   1.3766316535255469     
  0.27756290024276353     
  0.43333292173292287     
  0.21086074415809780     
  0.17865807075478246     
   1.0985872475981966     
  0.31140551576835601     
  0.31917632694411635     
   1.2749971375889815     
  0.38969599883390427     
  0.14471495515330618     
  0.13413262364929723     
   4.4701940290692743     
  0.63019651230080487     
  0.92117225791165769     
   3.1991538815274091E-002
   4.1158482670168939E-003
  0.38668493950155375     
  0.48401956872659185     
  0.30743768935829580     
  0.35496496036389352     
   2.9395462599168454     
  0.31634773965028373     
  0.65950013368787930     
   6.9745984210885098E-002
   1.5337797118459726     
   3.3601204241857467E-002
   8.9488776730602335E-002
  0.26790129155328707     
  0.11394630849510633     
  0.33146720483091358     
   1.5238377338512715E-002
  0.30556013809739280     
   5.1205691220551923     
   1.2153927045719506     
  0.12171269462118163     
   3.4985831435411591E-002
  0.35655967730819782     
   1.3224988583033488     
  0.79347645154604629     
  0.98012173134424363     
  0.86876363680546387     
   3.5916843538598808E-002
   2.1150918371558243     
   1.5114740330549998     
  0.74249538924802749     
   1.6183331101504992     
  0.29787538402651303     
   1.4755440828722697     
   5.7124837591371318E-002
  0.99550919304809682     
  0.42825788734002024     
  0.33603356701041631     
   2.2938727941436561     
  0.52403445186421271     
  0.14158367712416287     
  0.34027681911119512     
   7.3601440286131900E-002
  0.10629468558047427     
   1.4785162082204855     
  0.88484528148873709     
  0.52665674923797690     
  0.18888199553952889     
   1.1988032129296302     
   3.8318591320344586     
  0.57868699467027540     
   1.3384456706537642     
   1.6352699060962801     
   1.8936116974702453     
  0.22195532200766926     
  0.43936312843050301     
   2.4433956958124963     
   1.7672142367180894     
   2.7496428219941804E-002
   2.0371927776090533     
  0.73436319861778121     
  0.95878245895723180     
  0.68803827634441650     
   2.1722061275820450     
  0.28386856349708089     
  0.37504583212667175     
  0.73403416033008262     
  0.84457030740931249     
  0.29670117397549856     
  0.33051448658480298     
  0.72742270422904487     
   1.1274388011150027     
   4.0247338040743932     
   1.9992446529690067     
   1.7158931594962972     
  0.83169476831144717     
  0.21101830673121691     
   4.0731319477250366E-002
   1.1938619681147644     
  0.49788303264768913     
  0.91848459600893140     
  0.14296400611328297     
   1.3234989050922281     
   1.0678164705892172     
   2.3394737656778486     
  0.21710656939607784     
   2.3612566420813690     
  0.58494992637810683     
   8.7178849398716576E-002
  0.21530872384757269     
   2.7829176035800449     
   3.3521869631447268     
  0.38024357059169978     
   3.6676031993054790     
  0.59673718503495321     
  0.69946665453457779     
  0.29695439481502900     
   1.4645134534441793     
   4.6613094886567202E-002
  0.17162068086075363     
  0.49555149962849210     
  0.67568365036230382     
  0.80466306918408459     
   1.1265084593025538     
   3.6095454878736231     
  0.46294171064943973     
   1.9274651165841596     
   2.8602812917722944     
   2.0071476751452386     
  0.16032400181605616     
  0.55376688872240210     
   2.9094873780091790     
  0.74387238435711589     
   1.2308253825679216     
   1.2531040621018004     
  0.35492525475774861     
  0.40222312365727769     
  0.67994771957307432     
   4.2898387765841504     
  0.42967903498557952     
   1.1284204797412147     
  0.13493288461970651     
   3.7367378718366653     
   4.0611770831270313     
   1.9484215571387644     
   2.2097504129127388     
  0.22166199330884664     
  0.37502946603676601     
  0.79794080774630516     
  0.27136604387249552     
  0.26448669919899942     
   1.1619844808378956     
   4.1760401132333494E-002
   8.6960206645779539E-002
   1.5161994226209863     
   3.7515831100120498     
   3.0742912351027130     
   3.9379371241291303     
   1.3855554077907484     
   4.3257505540696579E-002
  0.82246301367438379     
   1.1301653704889401     
  0.20649724439429737     
  0.65628160613773168     
   1.5210100657296957     
  0.64622275659477701     
  0.66597300470686327     
  0.23383289619713346     
   2.8992700170357169     
   1.1058313661424830     
   2.0062410852522023     
  0.58934014193806694     
   1.0134532135222116     
   1.5726592055930770     
   4.7131495163995698     
   1.1580679391630402     
   1.4570827069828551     
   2.3318734557670426     
   2.9049000147607500     
  0.66127952005518176     
   1.0695774602983532     
   2.5691608820684223E-002
  0.47053830168026772     
  0.23526281296342447     
  0.13070232157322378     
   1.5758170470290696     
  0.15981412972503153     
   3.5426724616663539E-002
   1.6772045571074155     
  0.20488055096957578     
  0.54729418475389391     
   3.5329458119207469     
  0.10449459839176529     
   1.5029851012999893     
   1.7860978439142716     
  0.77321164971305290     
   1.2360677185954794     
  0.44387660324825945     
   1.6864660814975407E-002
  0.97293303517463614     
  0.33144790210928310     
  0.54351860803636176     
  0.19911522766504705     
   5.1519890699742971E-002
  0.78756392632976624     
   3.5018337473536354     
   1.0890448353238675     
  0.88196810294007122     
   5.4597683537120405     
   2.2991529234702685E-002
  0.74599298570275230     
  0.78078736314568942     
  0.89771432936836448     
  0.21119807110610953     
  0.98750293994524985     
   3.1509110562607403     
  0.40134854740296738     
   1.0902151421854240     
  0.30793288922389439     
   2.0433237816069221E-003
   1.3210585246390003     
  0.68574983978449333     
   2.6255345679784723     
  0.86270939383611545     
  0.61684517122937532     
  0.16866329874001890     
   1.4026304201093847     
   2.3981602694536073     
  0.24298265624934898     
   3.7733210774468784     
  0.95822085737601570     
   2.0907056041214860     
   5.6035965370153505E-002
  0.81349260829056846     
   1.5350329467022967E-002
  0.23448477034709664     
  0.49374463429302862     
   6.0321925529866821E-003
  0.72700928544340937     
   1.0015373736318749     
  0.19816928022243591     
   2.8587333719555303     
  0.33878744802996436     
  0.21546820886642568     
   1.2642391075288841     
  0.69148705131266530     
  0.53916729547459763     
  0.35774529010469330     
   1.7367578522582492     
  0.71590791047008029     
   7.1888160532161016E-002
  0.19672098728848561     
  0.74613318139221441     
   1.3828727118550261     
  0.13425770268381457     
   8.5625053730703532E-002
  0.57678337394047174     
   2.5734333602450183     
   1.1309648026413701     
  0.11344842070789943     
   2.4913657976873291     
   2.9246186119696373     
  0.61150617885909975     
   6.0150373701717942E-003
   1.0688026842464287     
  0.93048460115932374     
  0.14559431325545286     
   1.0772362037999059     
  0.13053900022863338     
  0.48508329641068593     
   1.4266949831590749     
  0.77500177334441434     
  0.60417034557560845     
  0.49923556820953041     
   1.3335382271390610     
   2.1617210140588536     
   1.2270075787374344     
  0.27884140311252559     
   1.1220759694487068     
   1.1598191984980275     
   1.4484692374404378     
   2.1608363902534400     
   8.4924376698650595E-003
   1.7888983759606132     
  0.94691916746130322     
  0.54023180855463382     
  0.38098804722741747     
  0.30117626768338368     
   1.6095774307056749     
  0.39580228336220291     
  0.17561650373679494     
  0.71287263938909184     
   5.7266088255312812E-002
   1.1840723187475226     
   1.9222169890990670     
  0.58695099157849229     
   1.1236800948297083     
  0.28616032315222556     
  0.31118661800560582     
  0.53501921784730644     
   5.3506426321530458E-002
  0.87792066063903007     
  0.31840618271763427     
   3.2170324744662917     
   1.1220615429597685     
   2.1964690712066246     
   1.2251384573657014     
   1.0063840800973236     
  0.86313529225178354     
  0.11428108490695384     
   5.4747833333418143E-002
  0.75558100492375291     
  0.12186804096845431     
  0.51651053774550182     
  0.11852203866498164     
   1.8864256911426598     
  0.70697282186257437     
   2.1255569015377423E-002
   1.2023928048271806     
   1.0598291718578967     
   2.1288407925542492     
  0.87006940730306637     
  0.55066796743277058     
   1.2405054818173775     
  0.30183716692421297     
  0.52518251812951000     
  0.49322275963266937     
   9.8579992069641534E-002
  0.25824840342721217     
   1.7502746641947109     
  0.73574808310868745     
  0.85770673160339606     
   7.0489708756168081E-003
   1.0487590841464360     
  0.17729969769025916     
   1.9419861989819398     
   1.0899115342218564     
   3.8056432347031532     
   1.9715486939167963E-002
  0.57395579610604841     
   9.0026435935701823E-002
  0.55154505121858943     
  0.48443924407604760     
   1.1275363723427272     
  0.93104151153012460     
   2.3376540332873046     
   3.5338561329816920     
   1.4489038826084807E-002
   7.4651443969914813E-002
   2.0141639356186127     
  0.94520676156231276     
  0.15332148336284696     
   1.6242727037160056     
  0.18920848192915221     
  0.12162513396819709     
  0.35610542761224689     
  0.60988654124440411     
   1.9239691444930929     
   1.2874200376403653     
  0.18207420105110794     
  0.87029403705788355     
   1.5243202811391978     
  0.10333411146486347     
  0.21803841646806005     
  0.74613066986305066     
   1.2772507707871075     
  0.79991121531604559     
  0.95210069081881676     
   2.6675547447017691     
   4.6883306809619545E-002
   1.0683831892087519     
   2.4902957882133556     
  0.86132720079024294     
  0.80132844747693899     
   1.5242443883267338     
  0.17385645908746050     
   7.8250037912396528E-002
  0.26079271812345550     
  0.10219893635984632     
  0.99499909769822059     
   6.2784740221472304E-002
  0.68120671612832506     
   1.7578759485291813     
  0.74212583975148250     
   1.4111648515519928     
  0.29007456714051044     
  0.76667456870364947     
  0.25707659350847994     
   6.1778597469862487E-002
   6.7391224322132390E-002
  0.73767319532057574     
   1.4516293932412596     
  0.93289193331716502     
   1.3239510264510059     
   7.1660928482812192E-002
  0.14463005024319442     
  0.63140803393519684     
   1.6247353380156029     
   1.0835738141332460     
   1.1238931255631219     
   2.1857293956831527     
  0.60501164842650079     
  0.16232616481796994     
  0.53340312500284948     
  0.57913675561672273     
  0.12338077162559603     
   1.3834112337352025     
   4.6951990091562658E-003
  0.10263892254724123     
  0.32484630998486586     
   1.8604136914518440E-002
   3.8175057728779538     
  0.89389333209459720     
  0.76140564354166052     
   1.7249095048016871     
   1.9635923088111431E-002
  0.83045581084297559     
   1.5591983442875663     
  0.68231165823661732     
  0.56487592294717015     
   6.4562275004506127     
  0.46959913419491839     
   1.0886007402191102     
   1.4610958671536984     
  0.51806316974494293     
   1.2390231582997430E-002
   2.5193883891776707     
  0.43160585434633858     
   2.1239999000568064     
  0.34518880487501435     
   1.1476969603086058     
  0.92408998206938309     
  0.64426952893092437     
   2.2481092798380606     
  0.54346922705718359     
  0.79288685083264221     
   1.9079983258198017     
  0.38796615288729563     
  0.17434582539692517     
   2.7101669077989237     
  0.37492309780494898     
  0.93477708653138813     
   2.5791692530553609     
   2.7224896194118462     
  0.66609156218413490     
   3.8605152970686070     
  0.68472180927921633     
  0.90428962942638413     
   1.2276106073945221     
  0.57983414211269280     
  0.79269042099440190     
  0.32482299981849072     
   2.6067016228587705     
  0.12228165147913843     
   2.3010676256362133     
   4.0044184789312585     
  0.38653577030987302     
   1.1673508425372243     
   1.2054103949104975     
  0.90969835617862282     
  0.40812890083351000     
  0.14085320255356973     
   2.2918947572675745     
  0.39100037294044238     
   1.5108088935067259     
   3.6373993378663975E-002
   4.5619955976155540     
   2.3879668710995934     
  0.13677695579133153     
   3.6490113588686590E-002
   1.3235656553464319     
  0.56962617547095251     
  0.66422419341261507     
  0.73903567487544430     
   2.1154457935650304     
  0.17704666905877237     
   5.3826727530993947     
   6.4028810444567666E-002
   1.3112054071077082     
  0.31043339382791479     
  0.86638628843610366     
  0.62279714095397265     
  0.37879482065469960     
  0.58975242247030701     
  0.72643653918839479     
   1.5876069388778127     
   1.6650379699666693     
   1.3191606064157959     
   1.5577607882619506     
  0.46603086695141188     
   1.9296679316865670     
  0.78989053409533305     
   1.5991447369684526     
  0.65976201567283643     
   1.4948516890717598     
  0.37823505124101803     
  0.31175217891174806     
  0.51156418517072655     
   2.2729040999341414     
   1.6144621124952694     
  0.21317483667748810     
  0.55031129721589056     
  0.64894390178978878     
   1.0571108387956965     
  0.21198597977572803     
  0.51022339198098521     
  0.13393898418531144     
  0.25285398221803540     
   2.4055158669601977     
  0.37457736360596688     
   2.2755822603183735     
   4.1661027899576917     
   1.5995251426315520     
  0.24421084286590294     
   8.6134072765906358E-002
  0.15188536953894036     
   1.1355961222634670     
   1.4023531733334866     
  0.25024572222558183     
   1.0777559142127568     
  0.33933346283442517     
  0.22661018695565335     
   4.4616522616771892     
  0.42523913231419896     
   2.5913762903531672     
  0.70699852821751419     
   8.7262224738970679E-004
  0.81043704718512255     
   1.0850755610545892     
  0.32603357405422378     
   1.1245635124241231     
   1.4273861170166404     
   1.4020761689434895     
  0.30272243634034107     
   8.6189321822583195E-002
   2.4419109614035137     
  0.92629126927570538     
  0.15807160519832120     
  0.77710511101676227     
   3.0841761838209947     
  0.36996539670638368     
   1.4567552352331608     
   3.8835117214402777     
   1.6123870730700771     
   1.8721592991989437     
  0.24793505569439814     
  0.33551146998566495     
  0.10379357504210635     
  0.86904129509939887     
   1.1406736435960867     
  0.50307080012567729     
  0.98419318146057244     
  0.17237248935600830     
   1.1652209188496356     
  0.87770265648103207     
  0.90621571867790385     
  0.45596220243962127     
  0.87956651965182120     
   3.7831214789936847E-002
   1.7551660028879967     
  0.10229266100927144     
   2.4146480702265682     
  0.27949239819370003     
  0.85627184403596879     
  0.82993431326532174     
   4.9837952854375267     
   5.9328535876931090     
  0.55324534974652040     
   7.2684297694982081E-002
  0.82139056326042326     
   4.5168093978124595E-002
   1.6791301188228629     
   1.3054169179427080     
  0.20709264268992739     
  0.29072280898474440     
   1.3307622250357962     
  0.20489342180505360     
  0.88923603344987123     
   1.5149764249453808     
   1.9677899536589927     
  0.15653967971643956     
  0.54980250901609917     
  0.54215906631326594     
   1.6920278706763698     
  0.91231598806090952     
   1.8412710957572860     
  0.92345886158978308     
   1.4218273323724500     
   1.9362521615490078     
  0.19905328761984434     
   1.0851365029238080     
  0.89916074581191963     
   1.2858557394583694     
  0.21160682217399698     
  0.96486644476657157     
   2.1188729465962135     
   1.0827289797312087     
  0.41322230568391338     
   2.8161319200911927E-002
   1.3390836566647790     
  0.71649258606599464     
   1.1440900631227984     
   2.4271484869295570     
  0.29666692888526369     
   6.3667399950667572E-002
  0.54137413114079713     
   1.0002764201462020     
  0.31924641997880177     
  0.14649705836608304     
   1.3126337246184532     
   2.8189551504990842     
  0.46576586840382128     
  0.59127691018993467     
  0.10468530399613496     
   1.4396896438471565     
  0.44376998859939587     
   9.6030850690268635E-002
   1.4791109004009104     
   1.8183581926426264     
  0.36392937579445123     
  0.51262120434631309     
  0.88032266639878476     
  0.89182627919884272     
  0.22104415880850325     
  0.66227898074985159     
  0.32674927861975617     
   7.5876890823245155E-002
  0.46039314331482800     
   3.0633858430738591E-002
   1.7029707201643867     
  0.45119190001428433     
   1.5206576273616048     
  0.18332756821864557     
   5.1907526430643003E-002
   2.1800129176267045     
  0.30137350373559385     
  0.19905528782783385     
   2.0574056977412054E-002
   1.0023096534334721     
   2.7629320323664230     
   1.2058061225278660     
  0.54266748961428080     
   6.2932483906198531     
   4.1440831005850373E-002
   9.4518436435127251E-002
   3.6183766912314570     
  0.26176287662248043     
  0.89435787933519739     
   8.6649284202430343E-002
   4.2286488076687605E-002
   1.7145575437484055     
   5.0378049989879548E-002
  0.31655660637033584     
   2.1787063087564129     
   1.9042135391055242     
   4.3546280416814145E-002
   2.0009422649493653     
  0.64522709957287205     
